<?xml version="1.0" encoding="UTF-8"?>
<!-- Generated by org.testng.reporters.JUnitReportReporter -->
<testsuite hostname="DESKTOP-JEMCUNI" failures="0" tests="1" name="com.SauceDemo.TestClasses.TC03SingleProductSelectFunctionality" time="15.235" errors="0" timestamp="2022-05-29T16:01:37 IST" skipped="0">
  <testcase classname="com.SauceDemo.TestClasses.TC03SingleProductSelectFunctionality" name="method" time="15.235"/>
  <system-out/>
</testsuite> <!-- com.SauceDemo.TestClasses.TC03SingleProductSelectFunctionality -->
