<?xml version="1.0" encoding="UTF-8"?>
<!-- Generated by org.testng.reporters.JUnitReportReporter -->
<testsuite hostname="DESKTOP-JEMCUNI" failures="0" tests="1" name="com.SauceDemo.TestClasses.TC02LogOut" time="14.347" errors="0" timestamp="2022-05-29T16:01:37 IST" skipped="0">
  <testcase classname="com.SauceDemo.TestClasses.TC02LogOut" name="method" time="14.347"/>
  <system-out/>
</testsuite> <!-- com.SauceDemo.TestClasses.TC02LogOut -->
